# JRE version: Java(TM) SE Runtime Environment (11.0.1+13) (build 11.0.1+13-LTS)
# Java VM: Java HotSpot(TM) 64-Bit Server VM (11.0.1+13-LTS, mixed mode, tiered, compressed oops, g1 gc, windows-amd64)
Heap:
 garbage-first heap   total 220160K, used 69144K [0x0000000084a00000, 0x0000000100000000)
  region size 1024K, 30 young (30720K), 10 survivors (10240K)
 Metaspace       used 74211K, capacity 76034K, committed 76280K, reserved 1116160K
  class space    used 9745K, capacity 10432K, committed 10496K, reserved 1048576K
GC Heap History (10 events):
Event: 2.903 GC heap after
{Heap after GC invocations=12 (full 0):
 garbage-first heap   total 183296K, used 31693K [0x0000000084a00000, 0x0000000100000000)
  region size 1024K, 9 young (9216K), 9 survivors (9216K)
 Metaspace       used 36436K, capacity 37638K, committed 37888K, reserved 1081344K
  class space    used 4560K, capacity 5037K, committed 5120K, reserved 1048576K
}
Event: 3.702 GC heap before
{Heap before GC invocations=12 (full 0):
 garbage-first heap   total 183296K, used 120781K [0x0000000084a00000, 0x0000000100000000)
  region size 1024K, 98 young (100352K), 9 survivors (9216K)
 Metaspace       used 44920K, capacity 46190K, committed 46464K, reserved 1089536K
  class space    used 5775K, capacity 6245K, committed 6272K, reserved 1048576K
}
Event: 3.709 GC heap after
{Heap after GC invocations=13 (full 0):
 garbage-first heap   total 183296K, used 34746K [0x0000000084a00000, 0x0000000100000000)
  region size 1024K, 10 young (10240K), 10 survivors (10240K)
 Metaspace       used 44920K, capacity 46190K, committed 46464K, reserved 1089536K
  class space    used 5775K, capacity 6245K, committed 6272K, reserved 1048576K
}
Event: 6.461 GC heap before
{Heap before GC invocations=14 (full 0):
 garbage-first heap   total 183296K, used 134074K [0x0000000084a00000, 0x0000000100000000)
  region size 1024K, 107 young (109568K), 10 survivors (10240K)
 Metaspace       used 55402K, capacity 56662K, committed 56952K, reserved 1097728K
  class space    used 7257K, capacity 7749K, committed 7808K, reserved 1048576K
}
Event: 6.473 GC heap after
{Heap after GC invocations=15 (full 0):
 garbage-first heap   total 183296K, used 38344K [0x0000000084a00000, 0x0000000100000000)
  region size 1024K, 10 young (10240K), 10 survivors (10240K)
 Metaspace       used 55402K, capacity 56662K, committed 56952K, reserved 1097728K
  class space    used 7257K, capacity 7749K, committed 7808K, reserved 1048576K
}
Event: 7.364 GC heap before
{Heap before GC invocations=15 (full 0):
 garbage-first heap   total 183296K, used 137672K [0x0000000084a00000, 0x0000000100000000)
  region size 1024K, 107 young (109568K), 10 survivors (10240K)
 Metaspace       used 63631K, capacity 65258K, committed 65400K, reserved 1105920K
  class space    used 8349K, capacity 8988K, committed 9088K, reserved 1048576K
}
Event: 7.375 GC heap after
{Heap after GC invocations=16 (full 0):
 garbage-first heap   total 220160K, used 44304K [0x0000000084a00000, 0x0000000100000000)
  region size 1024K, 10 young (10240K), 10 survivors (10240K)
 Metaspace       used 63631K, capacity 65258K, committed 65400K, reserved 1105920K
  class space    used 8349K, capacity 8988K, committed 9088K, reserved 1048576K
}
Event: 8.625 GC heap before
{Heap before GC invocations=16 (full 0):
 garbage-first heap   total 220160K, used 163088K [0x0000000084a00000, 0x0000000100000000)
  region size 1024K, 126 young (129024K), 10 survivors (10240K)
 Metaspace       used 70765K, capacity 72487K, committed 72824K, reserved 1112064K
  class space    used 9303K, capacity 9996K, committed 10112K, reserved 1048576K
}
Event: 8.635 GC heap after
{Heap after GC invocations=17 (full 0):
 garbage-first heap   total 220160K, used 48767K [0x0000000084a00000, 0x0000000100000000)
  region size 1024K, 10 young (10240K), 10 survivors (10240K)
 Metaspace       used 70765K, capacity 72487K, committed 72824K, reserved 1112064K
  class space    used 9303K, capacity 9996K, committed 10112K, reserved 1048576K
}
Event: 39.405 GC heap before
{Heap before GC invocations=17 (full 0):
 garbage-first heap   total 220160K, used 68223K [0x0000000084a00000, 0x0000000100000000)
  region size 1024K, 30 young (30720K), 10 survivors (10240K)
 Metaspace       used 74211K, capacity 76034K, committed 76280K, reserved 1116160K
  class space    used 9745K, capacity 10432K, committed 10496K, reserved 1048576K
}

